[    0.000000] Linux version 4.15.0-121-generic (buildd@lgw01-amd64-034) (gcc version 7.5.0 (Ubuntu 7.5.0-3ubuntu1~18.04)) #123-Ubuntu SMP Mon Oct 5 16:16:40 UTC 2020 (Ubuntu 4.15.0-121.123-generic 4.15.18)
[    0.000000] Command line: BOOT_IMAGE=/boot/vmlinuz-4.15.0-121-generic root=LABEL=cloudimg-rootfs ro console=tty1 console=ttyS0
[    0.000000] KERNEL supported cpus:
[    0.000000]   Intel GenuineIntel
[    0.000000]   AMD AuthenticAMD
[    0.000000]   Centaur CentaurHauls
[    0.000000] x86/fpu: Supporting XSAVE feature 0x001: 'x87 floating point registers'
[    0.000000] x86/fpu: Supporting XSAVE feature 0x002: 'SSE registers'
[    0.000000] x86/fpu: Supporting XSAVE feature 0x004: 'AVX registers'
[    0.000000] x86/fpu: xstate_offset[2]:  576, xstate_sizes[2]:  256
[    0.000000] x86/fpu: Enabled xstate features 0x7, context size is 832 bytes, using 'standard' format.
[    0.000000] e820: BIOS-provided physical RAM map:
[    0.000000] BIOS-e820: [mem 0x0000000000000000-0x000000000009fbff] usable
[    0.000000] BIOS-e820: [mem 0x000000000009fc00-0x000000000009ffff] reserved
[    0.000000] BIOS-e820: [mem 0x00000000000f0000-0x00000000000fffff] reserved
[    0.000000] BIOS-e820: [mem 0x0000000000100000-0x000000003ffeffff] usable
[    0.000000] BIOS-e820: [mem 0x000000003fff0000-0x000000003fffffff] ACPI data
[    0.000000] BIOS-e820: [mem 0x00000000fec00000-0x00000000fec00fff] reserved
[    0.000000] BIOS-e820: [mem 0x00000000fee00000-0x00000000fee00fff] reserved
[    0.000000] BIOS-e820: [mem 0x00000000fffc0000-0x00000000ffffffff] reserved
[    0.000000] NX (Execute Disable) protection: active
[    0.000000] SMBIOS 2.5 present.
[    0.000000] DMI: innotek GmbH VirtualBox/VirtualBox, BIOS VirtualBox 12/01/2006
[    0.000000] Hypervisor detected: KVM
[    0.000000] e820: last_pfn = 0x3fff0 max_arch_pfn = 0x400000000
[    0.000000] MTRR: Disabled
[    0.000000] x86/PAT: MTRRs disabled, skipping PAT initialization too.
[    0.000000] CPU MTRRs all blank - virtualized system.
[    0.000000] x86/PAT: Configuration [0-7]: WB  WT  UC- UC  WB  WT  UC- UC  
[    0.000000] found SMP MP-table at [mem 0x0009fff0-0x0009ffff]
[    0.000000] Scanning 1 areas for low memory corruption
[    0.000000] RAMDISK: [mem 0x35a63000-0x36d28fff]
[    0.000000] ACPI: Early table checksum verification disabled
[    0.000000] ACPI: RSDP 0x00000000000E0000 000024 (v02 VBOX  )
[    0.000000] ACPI: XSDT 0x000000003FFF0030 00003C (v01 VBOX   VBOXXSDT 00000001 ASL  00000061)
[    0.000000] ACPI: FACP 0x000000003FFF00F0 0000F4 (v04 VBOX   VBOXFACP 00000001 ASL  00000061)
[    0.000000] ACPI: DSDT 0x000000003FFF0470 002325 (v02 VBOX   VBOXBIOS 00000002 INTL 20190509)
[    0.000000] ACPI: FACS 0x000000003FFF0200 000040
[    0.000000] ACPI: FACS 0x000000003FFF0200 000040
[    0.000000] ACPI: APIC 0x000000003FFF0240 00005C (v02 VBOX   VBOXAPIC 00000001 ASL  00000061)
[    0.000000] ACPI: SSDT 0x000000003FFF02A0 0001CC (v01 VBOX   VBOXCPUT 00000002 INTL 20190509)
[    0.000000] No NUMA configuration found
[    0.000000] Faking a node at [mem 0x0000000000000000-0x000000003ffeffff]
[    0.000000] NODE_DATA(0) allocated [mem 0x3ffc5000-0x3ffeffff]
[    0.000000] kvm-clock: cpu 0, msr 0:3ff44001, primary cpu clock
[    0.000000] kvm-clock: Using msrs 4b564d01 and 4b564d00
[    0.000000] kvm-clock: using sched offset of 2957199913 cycles
[    0.000000] clocksource: kvm-clock: mask: 0xffffffffffffffff max_cycles: 0x1cd42e4dffb, max_idle_ns: 881590591483 ns
[    0.000000] Zone ranges:
[    0.000000]   DMA      [mem 0x0000000000001000-0x0000000000ffffff]
[    0.000000]   DMA32    [mem 0x0000000001000000-0x000000003ffeffff]
[    0.000000]   Normal   empty
[    0.000000]   Device   empty
[    0.000000] Movable zone start for each node
[    0.000000] Early memory node ranges
[    0.000000]   node   0: [mem 0x0000000000001000-0x000000000009efff]
[    0.000000]   node   0: [mem 0x0000000000100000-0x000000003ffeffff]
[    0.000000] Reserved but unavailable: 98 pages
[    0.000000] Initmem setup node 0 [mem 0x0000000000001000-0x000000003ffeffff]
[    0.000000] ACPI: PM-Timer IO Port: 0x4008
[    0.000000] IOAPIC[0]: apic_id 2, version 32, address 0xfec00000, GSI 0-23
[    0.000000] ACPI: INT_SRC_OVR (bus 0 bus_irq 0 global_irq 2 dfl dfl)
[    0.000000] ACPI: INT_SRC_OVR (bus 0 bus_irq 9 global_irq 9 low level)
[    0.000000] Using ACPI (MADT) for SMP configuration information
[    0.000000] smpboot: Allowing 2 CPUs, 0 hotplug CPUs
[    0.000000] PM: Registered nosave memory: [mem 0x00000000-0x00000fff]
[    0.000000] PM: Registered nosave memory: [mem 0x0009f000-0x0009ffff]
[    0.000000] PM: Registered nosave memory: [mem 0x000a0000-0x000effff]
[    0.000000] PM: Registered nosave memory: [mem 0x000f0000-0x000fffff]
[    0.000000] e820: [mem 0x40000000-0xfebfffff] available for PCI devices
[    0.000000] Booting paravirtualized kernel on KVM
[    0.000000] clocksource: refined-jiffies: mask: 0xffffffff max_cycles: 0xffffffff, max_idle_ns: 7645519600211568 ns
[    0.000000] random: get_random_bytes called from start_kernel+0x99/0x500 with crng_init=0
[    0.000000] setup_percpu: NR_CPUS:8192 nr_cpumask_bits:2 nr_cpu_ids:2 nr_node_ids:1
[    0.000000] percpu: Embedded 45 pages/cpu s147456 r8192 d28672 u1048576
[    0.000000] PV qspinlock hash table entries: 256 (order: 0, 4096 bytes)
[    0.000000] Built 1 zonelists, mobility grouping on.  Total pages: 257913
[    0.000000] Policy zone: DMA32
[    0.000000] Kernel command line: BOOT_IMAGE=/boot/vmlinuz-4.15.0-121-generic root=LABEL=cloudimg-rootfs ro console=tty1 console=ttyS0
[    0.000000] Memory: 983024K/1048120K available (12300K kernel code, 2482K rwdata, 4272K rodata, 2436K init, 2724K bss, 65096K reserved, 0K cma-reserved)
[    0.000000] SLUB: HWalign=64, Order=0-3, MinObjects=0, CPUs=2, Nodes=1
[    0.000000] Kernel/User page tables isolation: enabled
[    0.000000] ftrace: allocating 39402 entries in 154 pages
[    0.004000] Hierarchical RCU implementation.
[    0.004000] 	RCU restricting CPUs from NR_CPUS=8192 to nr_cpu_ids=2.
[    0.004000] 	Tasks RCU enabled.
[    0.004000] RCU: Adjusting geometry for rcu_fanout_leaf=16, nr_cpu_ids=2
[    0.004000] NR_IRQS: 524544, nr_irqs: 440, preallocated irqs: 16
[    0.004000] Console: colour VGA+ 80x25
[    0.004000] console [tty1] enabled
[    0.004000] console [ttyS0] enabled
[    0.004000] ACPI: Core revision 20170831
[    0.004000] ACPI: 2 ACPI AML tables successfully acquired and loaded
[    0.004000] APIC: Switch to symmetric I/O mode setup
[    0.004000] x2apic enabled
[    0.004000] Switched APIC routing to physical x2apic.
[    0.004000] ..TIMER: vector=0x30 apic1=0 pin1=2 apic2=-1 pin2=-1
[    0.004000] tsc: Detected 2903.958 MHz processor
[    0.004000] Calibrating delay loop (skipped) preset value.. 5807.91 BogoMIPS (lpj=11615832)
[    0.004000] pid_max: default: 32768 minimum: 301
[    0.004037] Security Framework initialized
[    0.004426] Yama: becoming mindful.
[    0.004790] AppArmor: AppArmor initialized
[    0.005669] Dentry cache hash table entries: 131072 (order: 8, 1048576 bytes)
[    0.006345] Inode-cache hash table entries: 65536 (order: 7, 524288 bytes)
[    0.006974] Mount-cache hash table entries: 2048 (order: 2, 16384 bytes)
[    0.007571] Mountpoint-cache hash table entries: 2048 (order: 2, 16384 bytes)
[    0.008178] Last level iTLB entries: 4KB 64, 2MB 8, 4MB 8
[    0.008666] Last level dTLB entries: 4KB 64, 2MB 0, 4MB 0, 1GB 4
[    0.009195] Spectre V1 : Mitigation: usercopy/swapgs barriers and __user pointer sanitization
[    0.009995] Spectre V2 : Mitigation: Full generic retpoline
[    0.010488] Spectre V2 : Spectre v2 / SpectreRSB mitigation: Filling RSB on context switch
[    0.011216] Speculative Store Bypass: Vulnerable
[    0.012031] MDS: Mitigation: Clear CPU buffers
[    0.012551] Freeing SMP alternatives memory: 36K
[    0.122255] smpboot: CPU0: Intel(R) Core(TM) i7-10700 CPU @ 2.90GHz (family: 0x6, model: 0xa5, stepping: 0x5)
[    0.123482] Performance Events: unsupported p6 CPU model 165 no PMU driver, software events only.
[    0.124000] Hierarchical SRCU implementation.
[    0.124000] NMI watchdog: Perf event create on CPU 0 failed with -2
[    0.124000] NMI watchdog: Perf NMI watchdog permanently disabled
[    0.124022] smp: Bringing up secondary CPUs ...
[    0.124512] x86: Booting SMP configuration:
[    0.124901] .... node  #0, CPUs:      #1
[    0.004000] kvm-clock: cpu 1, msr 0:3ff44041, secondary cpu clock
[    0.127830] smp: Brought up 1 node, 2 CPUs
[    0.128003] smpboot: Max logical packages: 1
[    0.128410] smpboot: Total of 2 processors activated (11615.83 BogoMIPS)
[    0.129076] devtmpfs: initialized
[    0.129076] x86/mm: Memory block size: 128MB
[    0.129076] evm: security.selinux
[    0.129181] evm: security.SMACK64
[    0.129503] evm: security.SMACK64EXEC
[    0.129863] evm: security.SMACK64TRANSMUTE
[    0.130373] evm: security.SMACK64MMAP
[    0.132002] evm: security.apparmor
[    0.132334] evm: security.ima
[    0.132628] evm: security.capability
[    0.132998] clocksource: jiffies: mask: 0xffffffff max_cycles: 0xffffffff, max_idle_ns: 7645041785100000 ns
[    0.132998] futex hash table entries: 512 (order: 3, 32768 bytes)
[    0.133892] pinctrl core: initialized pinctrl subsystem
[    0.134446] RTC time: 14:07:45, date: 10/18/20
[    0.136118] NET: Registered protocol family 16
[    0.136592] audit: initializing netlink subsys (disabled)
[    0.137126] audit: type=2000 audit(1603030069.491:1): state=initialized audit_enabled=0 res=1
[    0.137126] cpuidle: using governor ladder
[    0.137126] cpuidle: using governor menu
[    0.137126] ACPI: bus type PCI registered
[    0.137166] acpiphp: ACPI Hot Plug PCI Controller Driver version: 0.5
[    0.140026] PCI: Using configuration type 1 for base access
[    0.140610] HugeTLB registered 2.00 MiB page size, pre-allocated 0 pages
[    0.140634] ACPI: Added _OSI(Module Device)
[    0.144003] ACPI: Added _OSI(Processor Device)
[    0.144410] ACPI: Added _OSI(3.0 _SCP Extensions)
[    0.144840] ACPI: Added _OSI(Processor Aggregator Device)
[    0.145337] ACPI: Added _OSI(Linux-Dell-Video)
[    0.145747] ACPI: Added _OSI(Linux-Lenovo-NV-HDMI-Audio)
[    0.146219] ACPI: Added _OSI(Linux-HPI-Hybrid-Graphics)
[    0.146834] ACPI: Executed 1 blocks of module-level executable AML code
[    0.149719] ACPI: Interpreter enabled
[    0.150068] ACPI: (supports S0 S5)
[    0.150396] ACPI: Using IOAPIC for interrupt routing
[    0.151006] PCI: Using host bridge windows from ACPI; if necessary, use "pci=nocrs" and report a bug
[    0.152104] ACPI: Enabled 2 GPEs in block 00 to 07
[    0.156490] ACPI: PCI Root Bridge [PCI0] (domain 0000 [bus 00-ff])
[    0.157048] acpi PNP0A03:00: _OSC: OS supports [ASPM ClockPM Segments MSI]
[    0.157955] acpi PNP0A03:00: _OSC: not requesting OS control; OS requires [ExtendedConfig ASPM ClockPM MSI]
[    0.158873] acpi PNP0A03:00: fail to add MMCONFIG information, can't access extended PCI configuration space under this bridge.
[    0.160087] PCI host bridge to bus 0000:00
[    0.160466] pci_bus 0000:00: root bus resource [io  0x0000-0x0cf7 window]
[    0.161058] pci_bus 0000:00: root bus resource [io  0x0d00-0xffff window]
[    0.161645] pci_bus 0000:00: root bus resource [mem 0x000a0000-0x000bffff window]
[    0.162321] pci_bus 0000:00: root bus resource [mem 0x40000000-0xfdffffff window]
[    0.162996] pci_bus 0000:00: root bus resource [bus 00-ff]
[    0.164425] pci 0000:00:01.1: legacy IDE quirk: reg 0x10: [io  0x01f0-0x01f7]
[    0.165037] pci 0000:00:01.1: legacy IDE quirk: reg 0x14: [io  0x03f6]
[    0.165603] pci 0000:00:01.1: legacy IDE quirk: reg 0x18: [io  0x0170-0x0177]
[    0.166227] pci 0000:00:01.1: legacy IDE quirk: reg 0x1c: [io  0x0376]
[    0.175784] pci 0000:00:07.0: quirk: [io  0x4000-0x403f] claimed by PIIX4 ACPI
[    0.176011] pci 0000:00:07.0: quirk: [io  0x4100-0x410f] claimed by PIIX4 SMB
[    0.181739] ACPI: PCI Interrupt Link [LNKA] (IRQs 5 9 10 *11)
[    0.182597] ACPI: PCI Interrupt Link [LNKB] (IRQs 5 9 *10 11)
[    0.183302] ACPI: PCI Interrupt Link [LNKC] (IRQs 5 *9 10 11)
[    0.184072] ACPI: PCI Interrupt Link [LNKD] (IRQs 5 9 10 *11)
[    0.184862] SCSI subsystem initialized
[    0.185262] pci 0000:00:02.0: vgaarb: setting as boot VGA device
[    0.185262] pci 0000:00:02.0: vgaarb: VGA device added: decodes=io+mem,owns=io+mem,locks=none
[    0.185317] pci 0000:00:02.0: vgaarb: bridge control possible
[    0.185822] vgaarb: loaded
[    0.186228] ACPI: bus type USB registered
[    0.188020] usbcore: registered new interface driver usbfs
[    0.188638] usbcore: registered new interface driver hub
[    0.189252] usbcore: registered new device driver usb
[    0.189852] EDAC MC: Ver: 3.0.0
[    0.189852] PCI: Using ACPI for IRQ routing
[    0.189852] NetLabel: Initializing
[    0.189852] NetLabel:  domain hash size = 128
[    0.192006] NetLabel:  protocols = UNLABELED CIPSOv4 CALIPSO
[    0.192645] NetLabel:  unlabeled traffic allowed by default
[    0.193276] clocksource: Switched to clocksource kvm-clock
[    0.200066] VFS: Disk quotas dquot_6.6.0
[    0.200556] VFS: Dquot-cache hash table entries: 512 (order 0, 4096 bytes)
[    0.201373] AppArmor: AppArmor Filesystem Enabled
[    0.201935] pnp: PnP ACPI init
[    0.202892] pnp: PnP ACPI: found 3 devices
[    0.210411] clocksource: acpi_pm: mask: 0xffffff max_cycles: 0xffffff, max_idle_ns: 2085701024 ns
[    0.211436] NET: Registered protocol family 2
[    0.212105] TCP established hash table entries: 8192 (order: 4, 65536 bytes)
[    0.212887] TCP bind hash table entries: 8192 (order: 5, 131072 bytes)
[    0.213987] TCP: Hash tables configured (established 8192 bind 8192)
[    0.214722] UDP hash table entries: 512 (order: 2, 16384 bytes)
[    0.215388] UDP-Lite hash table entries: 512 (order: 2, 16384 bytes)
[    0.216149] NET: Registered protocol family 1
[    0.216668] pci 0000:00:00.0: Limiting direct PCI/PCI transfers
[    0.217346] pci 0000:00:01.0: Activating ISA DMA hang workarounds
[    0.218052] pci 0000:00:02.0: Video device with shadowed ROM at [mem 0x000c0000-0x000dffff]
[    0.219066] Unpacking initramfs...
[    0.413907] Freeing initrd memory: 19224K
[    0.414462] clocksource: tsc: mask: 0xffffffffffffffff max_cycles: 0x29dbde1cb5f, max_idle_ns: 440795328785 ns
[    0.415572] platform rtc_cmos: registered platform RTC device (no PNP device found)
[    0.416476] Scanning for low memory corruption every 60 seconds
[    0.417533] Initialise system trusted keyrings
[    0.418049] Key type blacklist registered
[    0.418550] workingset: timestamp_bits=36 max_order=18 bucket_order=0
[    0.419835] zbud: loaded
[    0.420482] squashfs: version 4.0 (2009/01/31) Phillip Lougher
[    0.421236] fuse init (API version 7.26)
[    0.428493] Key type asymmetric registered
[    0.428997] Asymmetric key parser 'x509' registered
[    0.429582] Block layer SCSI generic (bsg) driver version 0.4 loaded (major 246)
[    0.430438] io scheduler noop registered
[    0.430898] io scheduler deadline registered
[    0.431408] io scheduler cfq registered (default)
[    0.432129] ACPI: AC Adapter [AC] (on-line)
[    0.432649] input: Power Button as /devices/LNXSYSTM:00/LNXPWRBN:00/input/input0
[    0.433518] ACPI: Power Button [PWRF]
[    0.433986] input: Sleep Button as /devices/LNXSYSTM:00/LNXSLPBN:00/input/input1
[    0.434817] ACPI: Sleep Button [SLPF]
[    0.435435] Serial: 8250/16550 driver, 32 ports, IRQ sharing enabled
[    0.456532] 00:02: ttyS0 at I/O 0x3f8 (irq = 4, base_baud = 115200) is a 16550A
[    0.458922] Linux agpgart interface v0.103
[    0.460301] loop: module loaded
[    0.461012] scsi host0: ata_piix
[    0.461472] scsi host1: ata_piix
[    0.461878] ata1: PATA max UDMA/33 cmd 0x1f0 ctl 0x3f6 bmdma 0xd000 irq 14
[    0.462629] ata2: PATA max UDMA/33 cmd 0x170 ctl 0x376 bmdma 0xd008 irq 15
[    0.463427] libphy: Fixed MDIO Bus: probed
[    0.463910] tun: Universal TUN/TAP device driver, 1.6
[    0.464541] PPP generic driver version 2.4.2
[    0.465081] ehci_hcd: USB 2.0 'Enhanced' Host Controller (EHCI) Driver
[    0.465797] ehci-pci: EHCI PCI platform driver
[    0.466311] ehci-platform: EHCI generic platform driver
[    0.466905] ohci_hcd: USB 1.1 'Open' Host Controller (OHCI) Driver
[    0.467590] ohci-pci: OHCI PCI platform driver
[    0.468116] ohci-platform: OHCI generic platform driver
[    0.468707] uhci_hcd: USB Universal Host Controller Interface driver
[    0.469443] i8042: PNP: PS/2 Controller [PNP0303:PS2K,PNP0f03:PS2M] at 0x60,0x64 irq 1,12
[    0.470708] serio: i8042 KBD port at 0x60,0x64 irq 1
[    0.471285] serio: i8042 AUX port at 0x60,0x64 irq 12
[    0.471990] mousedev: PS/2 mouse device common for all mice
[    0.472957] input: AT Translated Set 2 keyboard as /devices/platform/i8042/serio0/input/input2
[    0.474091] rtc_cmos rtc_cmos: rtc core: registered rtc_cmos as rtc0
[    0.474824] rtc_cmos rtc_cmos: alarms up to one day, 114 bytes nvram
[    0.475527] i2c /dev entries driver
[    0.475979] device-mapper: uevent: version 1.0.3
[    0.476597] device-mapper: ioctl: 4.37.0-ioctl (2017-09-20) initialised: dm-devel@redhat.com
[    0.477607] ledtrig-cpu: registered to indicate activity on CPUs
[    0.478606] NET: Registered protocol family 10
[    0.481351] Segment Routing with IPv6
[    0.481794] NET: Registered protocol family 17
[    0.482331] Key type dns_resolver registered
[    0.482928] mce: Using 0 MCE banks
[    0.483342] RAS: Correctable Errors collector initialized.
[    0.483966] sched_clock: Marking stable (482912658, 0)->(565837490, -82924832)
[    0.485136] registered taskstats version 1
[    0.485617] Loading compiled-in X.509 certificates
[    0.487604] Loaded X.509 cert 'Build time autogenerated kernel key: 517b2180bafe62ad6f81db3336688475b28504c0'
[    0.488993] zswap: loaded using pool lzo/zbud
[    0.491482] Key type big_key registered
[    0.492145] Key type trusted registered
[    0.493600] Key type encrypted registered
[    0.494074] AppArmor: AppArmor sha1 policy hashing enabled
[    0.494692] ima: No TPM chip found, activating TPM-bypass! (rc=-19)
[    0.495449] ima: Allocated hash algorithm: sha1
[    0.495979] evm: HMAC attrs: 0x1
[    0.496526]   Magic number: 8:925:131
[    0.497021] rtc_cmos rtc_cmos: setting system clock to 2020-10-18 14:07:45 UTC (1603030065)
[    0.498020] BIOS EDD facility v0.16 2004-Jun-25, 0 devices found
[    0.498730] EDD information not available.
[    0.643663] Freeing unused kernel image memory: 2436K
[    0.656069] Write protecting the kernel read-only data: 20480k
[    0.657023] Freeing unused kernel image memory: 2008K
[    0.657716] Freeing unused kernel image memory: 1872K
[    0.663867] x86/mm: Checked W+X mappings: passed, no W+X pages found.
[    0.664441] x86/mm: Checking user space page tables
[    0.670491] x86/mm: Checked W+X mappings: passed, no W+X pages found.
Loading, please wait...
starting version 237
[    0.710720] e1000: Intel(R) PRO/1000 Network Driver - version 7.3.21-k8-NAPI
[    0.711413] e1000: Copyright (c) 1999-2006 Intel Corporation.
[    0.714804] Fusion MPT base driver 3.04.20
[    0.715298] Copyright (c) 1999-2008 LSI Corporation
[    0.718810] Fusion MPT SPI Host driver 3.04.20
[    0.729483] AVX2 version of gcm_enc/dec engaged.
[    0.729946] AES CTR mode by8 optimization enabled
[    0.921736] input: ImExPS/2 Generic Explorer Mouse as /devices/platform/i8042/serio1/input/input4
[    1.445004] e1000 0000:00:03.0 eth0: (PCI:33MHz:32-bit) 02:c6:b0:25:69:cb
[    1.445669] e1000 0000:00:03.0 eth0: Intel(R) PRO/1000 Network Connection
[    1.446911] mptbase: ioc0: Initiating bringup
[    1.950111] ioc0: LSI53C1030 A0: Capabilities={Initiator}
[    4.144616] scsi host2: ioc0: LSI53C1030 A0, FwRev=00000000h, Ports=1, MaxQ=256, IRQ=20
[    5.728598] scsi 2:0:0:0: Direct-Access     VBOX     HARDDISK         1.0  PQ: 0 ANSI: 5
[    5.760067] scsi target2:0:0: Beginning Domain Validation
[    5.761500] scsi target2:0:0: Domain Validation skipping write tests
[    5.762089] scsi target2:0:0: Ending Domain Validation
[    5.762588] scsi target2:0:0: asynchronous
[    5.763205] scsi 2:0:1:0: Direct-Access     VBOX     HARDDISK         1.0  PQ: 0 ANSI: 5
[    6.028019] scsi target2:0:1: Beginning Domain Validation
[    6.029330] scsi target2:0:1: Domain Validation skipping write tests
[    6.029916] scsi target2:0:1: Ending Domain Validation
[    6.030415] random: fast init done
[    6.030418] scsi target2:0:1: asynchronous
[    6.033315] random: systemd-udevd: uninitialized urandom read (16 bytes read)
[    6.033960] random: systemd-udevd: uninitialized urandom read (16 bytes read)
[    6.034597] random: systemd-udevd: uninitialized urandom read (16 bytes read)
[    6.035410] sd 2:0:0:0: [sda] 20971520 512-byte logical blocks: (10.7 GB/10.0 GiB)
[    6.035414] sd 2:0:0:0: Attached scsi generic sg0 type 0
[    6.036187] sd 2:0:0:0: [sda] Write Protect is off
[    6.036761] sd 2:0:1:0: Attached scsi generic sg1 type 0
[    6.037664] sd 2:0:0:0: [sda] Incomplete mode parameter data
[    6.038195] sd 2:0:0:0: [sda] Assuming drive cache: write through
[    6.038205] sd 2:0:1:0: [sdb] 20480 512-byte logical blocks: (10.5 MB/10.0 MiB)
[    6.039565] sd 2:0:1:0: [sdb] Write Protect is off
[    6.040102] sd 2:0:1:0: [sdb] Incomplete mode parameter data
[    6.040741] sd 2:0:1:0: [sdb] Assuming drive cache: write through
[    6.042470]  sda: sda1
[    6.042999] sd 2:0:0:0: [sda] Attached SCSI disk
[    6.043651] sd 2:0:1:0: [sdb] Attached SCSI disk
[    6.066681] e1000 0000:00:08.0 eth1: (PCI:33MHz:32-bit) 08:00:27:98:c9:f0
[    6.067292] e1000 0000:00:08.0 eth1: Intel(R) PRO/1000 Network Connection
[    6.068480] e1000 0000:00:08.0 enp0s8: renamed from eth1
[    6.088445] e1000 0000:00:03.0 enp0s3: renamed from eth0
Begin: Loading essential drivers ... [    7.428034] raid6: sse2x1   gen() 15720 MB/s
[    7.476032] raid6: sse2x1   xor()  9314 MB/s
[    7.524028] raid6: sse2x2   gen() 19805 MB/s
[    7.572045] raid6: sse2x2   xor() 12544 MB/s
[    7.620042] raid6: sse2x4   gen() 20631 MB/s
[    7.668036] raid6: sse2x4   xor() 12384 MB/s
[    7.716014] raid6: avx2x1   gen() 31990 MB/s
[    7.764046] raid6: avx2x1   xor() 18495 MB/s
[    7.812041] raid6: avx2x2   gen() 36550 MB/s
[    7.860022] raid6: avx2x2   xor() 24491 MB/s
[    7.908030] raid6: avx2x4   gen() 40999 MB/s
[    7.956045] raid6: avx2x4   xor() 24948 MB/s
[    7.956461] raid6: using algorithm avx2x4 gen() 40999 MB/s
[    7.956956] raid6: .... xor() 24948 MB/s, rmw enabled
[    7.957413] raid6: using avx2x2 recovery algorithm
[    7.958690] xor: automatically using best checksumming function   avx       
[    7.960172] async_tx: api initialized (async)
done.
Begin: Running /scripts/init-premount ... done.
Begin: Mounting root file system ... Begin: Running /scripts/local-top ... done.
Begin: Running /scripts/local-premount ... [    7.988827] Btrfs loaded, crc32c=crc32c-intel
Scanning for Btrfs filesystems
done.
Warning: fsck not present, so skipping root file system
[    8.005652] EXT4-fs (sda1): mounted filesystem with ordered data mode. Opts: (null)
done.
Begin: Running /scripts/local-bottom ... done.
Begin: Running /scripts/init-bottom ... done.
[    8.105192] ip_tables: (C) 2000-2006 Netfilter Core Team
[    8.109769] systemd[1]: systemd 237 running in system mode. (+PAM +AUDIT +SELINUX +IMA +APPARMOR +SMACK +SYSVINIT +UTMP +LIBCRYPTSETUP +GCRYPT +GNUTLS +ACL +XZ +LZ4 +SECCOMP +BLKID +ELFUTILS +KMOD -IDN2 +IDN -PCRE2 default-hierarchy=hybrid)
[    8.111666] systemd[1]: Detected virtualization oracle.
[    8.112151] systemd[1]: Detected architecture x86-64.

Welcome to [1mUbuntu 18.04.5 LTS[0m!

[    8.115564] systemd[1]: Set hostname to <ubuntu>.
[    8.117860] systemd[1]: Initializing machine ID from random generator.
[    8.118862] systemd[1]: Installed transient /etc/machine-id file.
[    8.265842] systemd[1]: Set up automount Arbitrary Executable File Formats File System Automount Point.
[[0;32m  OK  [0m] Set up automount Arbitrary Executab…rmats File System Automount Point.
[    8.268298] systemd[1]: Created slice System Slice.
[[0;32m  OK  [0m] Created slice System Slice.
[    8.269301] systemd[1]: Created slice system-serial\x2dgetty.slice.
[[0;32m  OK  [0m] Created slice system-serial\x2dgetty.slice.
[    8.270375] systemd[1]: Listening on Journal Audit Socket.
[[0;32m  OK  [0m] Listening on Journal Audit Socket.
[[0;32m  OK  [0m] Listening on udev Kernel Socket.
[[0;32m  OK  [0m] Listening on LVM2 metadata daemon socket.
[[0;32m  OK  [0m] Listening on LVM2 poll daemon socket.
[[0;32m  OK  [0m] Reached target System Time Synchronized.
[[0;32m  OK  [0m] Listening on Journal Socket.
         Mounting Huge Pages File System...
         Starting Load Kernel Modules...
         Starting Uncomplicated firewall...
         Mounting Kernel Debug File System...
[[0;32m  OK  [0m] Reached target User and Group Name Lookups.
         Starting Create list of required st…ce nodes for the current kernel...
[[0;32m  OK  [0m] Listening on udev Control Socket.
[[0;32m  OK  [0m] Created slice User and Session Slice.
[[0;32m  OK  [0m] Reached target Slices.
[[0;32m  OK  [0m] Listening on Journal Socket (/dev/log).
         Mounting POSIX Message Queue File System...
         Starting Remount Root and Kernel File Systems...
[[0;32m  OK  [0m] Listening on /dev/initctl Compatibility Named Pipe.
         Starting Set the console keyboard layout...
         Starting udev Coldplug all Devices...
[[0;32m  OK  [0m] Listening on Network Service Netlink Socket.
[[0;32m  OK  [0m] [    8.289834] Loading iSCSI transport class v2.0-870.
Reached target Swap.
[[0;32m  OK  [0m] Listening on Syslog Socket.
         Starting Journal Service...
[[0;32m  OK  [0m] Started Forward Password Requests to Wall Directory Watch.
[[0;32m  OK  [0m] Listening on Device-mapper event daemon FIFOs.
         Starting Monitoring of LVM2 mirrors…ng dmeventd or progress polling...
[[0;32m  OK  [0m] Mounted Huge Pages File System.
[[0;32m  OK  [0m] Started Uncomplicated firewall.
[[0;32m  OK  [0m] Mounted Kernel Debug File System.
[[0;32m  OK  [0m] Started Create list of required sta…vice nodes for the current kernel.
[[0;32m  OK  [0m] Mounted POSIX Message Queue File System.
         Starting Create Static Device Nodes in /dev...
[[0;32m  OK  [0m] Started Journal Service.
[    8.343420] iscsi: registered transport (tcp)
[[0;32m  OK  [0m] Started udev Coldplug all Devices.
[    8.353372] iscsi: registered transport (iser)
[[0;32m  OK  [0m] Started Load Kernel Modules.
         Starting Apply Kernel Variables...
         Mounting Kernel Configuration File System...
         Mounting FUSE Control File System...
[[0;32m  OK  [0m] Mounted Kernel Configuration File System.
[[0;32m  OK  [0m] Mounted FUSE Control File System.
[    8.362399] EXT4-fs (sda1): re-mounted. Opts: (null)
[[0;32m  OK  [0m] Started Remount Root and Kernel File Systems.
         Starting Load/Save Random Seed...
         Starting Flush Journal to Persistent Storage...
[[0;32m  OK  [0m] Started Create Static Device Nodes in /dev.
         Starting udev Kernel Device Manager...
[[0;32m  OK  [0m] Started LVM2 metadata daemon.
[[0;32m  OK  [0m] Started Load/Save Random Seed.
[[0;32m  OK  [0m] Started udev Kernel Device Manager.
[[0;32m  OK  [0m] Started Apply Kernel Variables.
[[0;32m  OK  [0m] Started Flush Journal to Persistent Storage.
[[0;32m  OK  [0m] Started Monitoring of LVM2 mirrors,…sing dmeventd or progress polling.
[[0;32m  OK  [0m] Started Set the console keyboard layout.
[[0;32m  OK  [0m] Reached target Local File Systems (Pre).
[[0;32m  OK  [0m] Reached target Local File Systems.
         Starting Create Volatile Files and Directories...
         Starting Set console font and keymap...
         Starting Tell Plymouth To Write Out Runtime Data...
         Starting ebtables ruleset management...
         Starting Commit a transient machine-id on disk...
         Starting AppArmor initialization...
[[0;32m  OK  [0m] Started Dispatch Password Requests to Console Directory Watch.
[[0;32m  OK  [0m] Reached target Local Encrypted Volumes.
[[0;32m  OK  [0m] Started Set console font and keymap.
[[0;32m  OK  [0m] Started Tell Plymouth To Write Out Runtime Data.
[[0;32m  OK  [0m] Started Create Volatile Files and Directories.
         Starting Update UTMP about System Boot/Shutdown...
[[0;32m  OK  [0m] Started Update UTMP about System Boot/Shutdown.
[[0;32m  OK  [0m] Started Commit a transient machine-id on disk.
[[0;32m  OK  [0m] Found device /dev/ttyS0.
[[0;32m  OK  [0m] Started ebtables ruleset management.
[[0;32m  OK  [0m] Listening on Load/Save RF Kill Switch Status /dev/rfkill Watch.
[[0;32m  OK  [0m] Started AppArmor initialization.
         Starting Load AppArmor profiles managed internally by snapd...
         Starting Initial cloud-init job (pre-networking)...
[[0;32m  OK  [0m] Started Load AppArmor profiles managed internally by snapd.
[    9.747230] cloud-init[555]: Cloud-init v. 20.3-2-g371b392c-0ubuntu1~18.04.1 running 'init-local' at Sun, 18 Oct 2020 14:07:54 +0000. Up 9.53 seconds.
[[0;32m  OK  [0m] Started Initial cloud-init job (pre-networking).
[[0;32m  OK  [0m] Reached target Network (Pre).
         Starting Network Service...
[[0;32m  OK  [0m] Started Network Service.
         Starting Wait for Network to be Configured...
         Starting Network Name Resolution...
[[0;32m  OK  [0m] Started Network Name Resolution.
[[0;32m  OK  [0m] Reached target Host and Network Name Lookups.
[[0;32m  OK  [0m] Reached target Network.
[[0;32m  OK  [0m] Started Wait for Network to be Configured.
         Starting Initial cloud-init job (metadata service crawler)...
[   11.958891] cloud-init[674]: Cloud-init v. 20.3-2-g371b392c-0ubuntu1~18.04.1 running 'init' at Sun, 18 Oct 2020 14:07:56 +0000. Up 11.87 seconds.
[   11.959976] cloud-init[674]: ci-info: ++++++++++++++++++++++++++++++++++++++Net device info+++++++++++++++++++++++++++++++++++++++
[   11.960788] cloud-init[674]: ci-info: +--------+-------+----------------------------+---------------+--------+-------------------+
[   11.961591] cloud-init[674]: ci-info: | Device |   Up  |          Address           |      Mask     | Scope  |     Hw-Address    |
[   11.962378] cloud-init[674]: ci-info: +--------+-------+----------------------------+---------------+--------+-------------------+
[   11.963164] cloud-init[674]: ci-info: | enp0s3 |  True |         10.0.2.15          | 255.255.255.0 | global | 02:c6:b0:25:69:cb |
[   11.963943] cloud-init[674]: ci-info: | enp0s3 |  True | fe80::c6:b0ff:fe25:69cb/64 |       .       |  link  | 02:c6:b0:25:69:cb |
[   11.964736] cloud-init[674]: ci-info: | enp0s8 | False |             .              |       .       |   .    | 08:00:27:98:c9:f0 |
[   11.965521] cloud-init[674]: ci-info: |   lo   |  True |         127.0.0.1          |   255.0.0.0   |  host  |         .         |
[   11.966315] cloud-init[674]: ci-info: |   lo   |  True |          ::1/128           |       .       |  host  |         .         |
[   11.967067] cloud-init[674]: ci-info: +--------+-------+----------------------------+---------------+--------+-------------------+
[   11.967845] cloud-init[674]: ci-info: ++++++++++++++++++++++++++++Route IPv4 info+++++++++++++++++++++++++++++
[   11.968538] cloud-init[674]: ci-info: +-------+-------------+----------+-----------------+-----------+-------+
[   11.969188] cloud-init[674]: ci-info: | Route | Destination | Gateway  |     Genmask     | Interface | Flags |
[   11.969854] cloud-init[674]: ci-info: +-------+-------------+----------+-----------------+-----------+-------+
[   11.970540] cloud-init[674]: ci-info: |   0   |   0.0.0.0   | 10.0.2.2 |     0.0.0.0     |   enp0s3  |   UG  |
[   11.971191] cloud-init[674]: ci-info: |   1   |   10.0.2.0  | 0.0.0.0  |  255.255.255.0  |   enp0s3  |   U   |
[   11.971863] cloud-init[674]: ci-info: |   2   |   10.0.2.2  | 0.0.0.0  | 255.255.255.255 |   enp0s3  |   UH  |
[   11.972567] cloud-init[674]: ci-info: +-------+-------------+----------+-----------------+-----------+-------+
[   11.973244] cloud-init[674]: ci-info: +++++++++++++++++++Route IPv6 info+++++++++++++++++++
[   11.973805] cloud-init[674]: ci-info: +-------+-------------+---------+-----------+-------+
[   11.974370] cloud-init[674]: ci-info: | Route | Destination | Gateway | Interface | Flags |
[   11.974933] cloud-init[674]: ci-info: +-------+-------------+---------+-----------+-------+
[   11.975724] cloud-init[674]: ci-info: |   1   |  fe80::/64  |    ::   |   enp0s3  |   U   |
[   11.976319] cloud-init[674]: ci-info: |   3   |    local    |    ::   |   enp0s3  |   U   |
[   11.988121] cloud-init[674]: ci-info: |   4   |   ff00::/8  |    ::   |   enp0s3  |   U   |
[   11.989576] cloud-init[674]: ci-info: +-------+-------------+---------+-----------+-------+
[   13.091779] cloud-init[674]: Generating public/private rsa key pair.
[   13.092262] cloud-init[674]: Your identification has been saved in /etc/ssh/ssh_host_rsa_key.
[   13.092830] cloud-init[674]: Your public key has been saved in /etc/ssh/ssh_host_rsa_key.pub.
[   13.093415] cloud-init[674]: The key fingerprint is:
[   13.093758] cloud-init[674]: SHA256:JoGdMZoOTRNzLMDGfifptZW734BPWwLQs4i+KzN/IMI root@ubuntu-bionic
[   13.094291] cloud-init[674]: The key's randomart image is:
[   13.094636] cloud-init[674]: +---[RSA 2048]----+
[   13.094946] cloud-init[674]: | o..=o+          |
[   13.095253] cloud-init[674]: |  +o.O.=         |
[   13.095555] cloud-init[674]: | o. =o= o.       |
[   13.095858] cloud-init[674]: |  .o+.o+oo       |
[   13.096186] cloud-init[674]: |.  oo+ooS.       |
[   13.096492] cloud-init[674]: |.E..o .o.o       |
[   13.096791] cloud-init[674]: | . ...  ..+ .    |
[   13.097107] cloud-init[674]: |  +  .. .o *     |
[   13.097437] cloud-init[674]: |   =+o   .+ .    |
[   13.097746] cloud-init[674]: +----[SHA256]-----+
[   13.098041] cloud-init[674]: Generating public/private dsa key pair.
[   13.098437] cloud-init[674]: Your identification has been saved in /etc/ssh/ssh_host_dsa_key.
[   13.098964] cloud-init[674]: Your public key has been saved in /etc/ssh/ssh_host_dsa_key.pub.
[   13.099502] cloud-init[674]: The key fingerprint is:
[   13.099823] cloud-init[674]: SHA256:4OTN4GnYMzYet89K2C6Quh7LG4j529kj9MN3fNyV5rM root@ubuntu-bionic
[   13.100400] cloud-init[674]: The key's randomart image is:
[   13.100749] cloud-init[674]: +---[DSA 1024]----+
[   13.101041] cloud-init[674]: |                 |
[   13.101333] cloud-init[674]: |                 |
[   13.101643] cloud-init[674]: |      +          |
[   13.101961] cloud-init[674]: |     B *         |
[   13.102280] cloud-init[674]: |    ..& S       .|
[   13.102603] cloud-init[674]: |.o  ++ O .     o.|
[   13.102966] cloud-init[674]: |+ oo +o +. . .o. |
[   13.103323] cloud-init[674]: | o.=.o*o.oo o .o |
[   13.103643] cloud-init[674]: | .O+o..=ooo.   Eo|
[   13.103958] cloud-init[674]: +----[SHA256]-----+
[   13.104299] cloud-init[674]: Generating public/private ecdsa key pair.
[   13.104709] cloud-init[674]: Your identification has been saved in /etc/ssh/ssh_host_ecdsa_key.
[   13.105314] cloud-init[674]: Your public key has been saved in /etc/ssh/ssh_host_ecdsa_key.pub.
[   13.105843] cloud-init[674]: The key fingerprint is:
[   13.106170] cloud-init[674]: SHA256:iNmeqCP3N4OaioDtOM8DfssDPgj+r18B7OQVvwDp+BM root@ubuntu-bionic
[   13.106685] cloud-init[674]: The key's randomart image is:
[   13.107016] cloud-init[674]: +---[ECDSA 256]---+
[   13.107362] cloud-init[674]: |     ...         |
[   13.107761] cloud-init[674]: |    ... o        |
[   13.108088] cloud-init[674]: |    o+ o .       |
[   13.108399] cloud-init[674]: |   .+Eo.. .      |
[   13.108694] cloud-init[674]: |    +o+.S.       |
[   13.108994] cloud-init[674]: |+o   = ..        |
[   13.109286] cloud-init[674]: |O.o ..+.         |
[   13.109584] cloud-init[674]: |*O==. =          |
[   13.109885] cloud-init[674]: |+*@XB+ o         |
[   13.110189] cloud-init[674]: +----[SHA256]-----+
[   13.110488] cloud-init[674]: Generating public/private ed25519 key pair.
[   13.110893] cloud-init[674]: Your identification has been saved in /etc/ssh/ssh_host_ed25519_key.
[   13.111410] cloud-init[674]: Your public key has been saved in /etc/ssh/ssh_host_ed25519_key.pub.
[   13.111979] cloud-init[674]: The key fingerprint is:
[   13.112313] cloud-init[674]: SHA256:t+9TCGA44hh07wLqTJ7AlDZRrXw3S3jDKb4I/NsY11Y root@ubuntu-bionic
[   13.112879] cloud-init[674]: The key's randomart image is:
[   13.113238] cloud-init[674]: +--[ED25519 256]--+
[   13.113539] cloud-init[674]: | oo.o  .         |
[   13.113847] cloud-init[674]: |  +..oo o        |
[   13.114154] cloud-init[674]: | =o+..+o..       |
[   13.114469] cloud-init[674]: |+.o+.= O  .      |
[   13.114774] cloud-init[674]: |+o  + * SE.. .   |
[   13.115066] cloud-init[674]: |*o.  o.... .. .  |
[   13.115422] cloud-init[674]: | =o....o  .  .   |
[   13.115792] cloud-init[674]: |   o=..    ..    |
[   13.116123] cloud-init[674]: |   o..     .o.   |
[   13.116441] cloud-init[674]: +----[SHA256]-----+
[[0;32m  OK  [0m] Started Initial cloud-init job (metadata service crawler).
[[0;32m  OK  [0m] Reached target System Initialization.
[[0;32m  OK  [0m] Started Message of the Day.
[[0;32m  OK  [0m] Listening on D-Bus System Message Bus Socket.
         Starting LXD - unix socket.
[[0;32m  OK  [0m] Started ACPI Events Check.
[[0;32m  OK  [0m] Listening on ACPID Listen Socket.
[[0;32m  OK  [0m] Reached target Paths.
[[0;32m  OK  [0m] Listening on Open-iSCSI iscsid Socket.
[[0;32m  OK  [0m] Listening on UUID daemon activation socket.
[[0;32m  OK  [0m] Started Discard unused blocks once a week.
[[0;32m  OK  [0m] Started Daily apt download activities.
[[0;32m  OK  [0m] Started Daily apt upgrade and clean activities.
         Starting Socket activation for snappy daemon.
[[0;32m  OK  [0m] Started Daily Cleanup of Temporary Directories.
[[0;32m  OK  [0m] Reached target Timers.
[[0;32m  OK  [0m] Reached target Network is Online.
         Starting Availability of block devices...
[[0;32m  OK  [0m] Reached target Remote File Systems (Pre).
[[0;32m  OK  [0m] Reached target Remote File Systems.
[[0;32m  OK  [0m] Reached target Cloud-config availability.
[[0;32m  OK  [0m] Listening on LXD - unix socket.
[[0;32m  OK  [0m] Listening on Socket activation for snappy daemon.
[[0;32m  OK  [0m] Reached target Sockets.
[[0;32m  OK  [0m] Reached target Basic System.
         Starting Pollinate to seed the pseudo random number generator...
         Starting Login Service...
[[0;32m  OK  [0m] Started Deferred execution scheduler.
         Starting Permit User Sessions...
         Starting Virtualbox guest utils...
         Starting Accounts Service...
[[0;32m  OK  [0m] Started Regular background program processing daemon.
[[0;32m  OK  [0m] Started irqbalance daemon.
         Starting LSB: automatic crash report generation...
[[0;32m  OK  [0m] Started D-Bus System Message Bus.
[[0;32m  OK  [0m] Started Login Service.
[[0;32m  OK  [0m] Started Unattended Upgrades Shutdown.
         Starting System Logging Service...
         Starting LSB: Record successful boot for GRUB...
         Starting Dispatcher daemon for systemd-networkd...
[[0;32m  OK  [0m] Started FUSE filesystem for LXC.
         Starting Snap Daemon...
         Starting LXD - container startup/shutdown...
[[0;32m  OK  [0m] Started System Logging Service.
[[0;32m  OK  [0m] Started Availability of block devices.
[[0;32m  OK  [0m] Started Permit User Sessions.
         Starting Authorization Manager...
         Starting Terminate Plymouth Boot Screen...
         Starting Hold until boot process finishes up...
[[0;32m  OK  [0m] Started Hold until boot process finishes up.
         Starting Set console scheme...
[[0;32m  OK  [0m] Started Serial Getty on ttyS0.
[[0;32m  OK  [0m] Started Terminate Plymouth Boot Screen.
[[0;32m  OK  [0m] Started Authorization Manager.
[[0;32m  OK  [0m] Started Accounts Service.
[[0;32m  OK  [0m] Started Set console scheme.
[[0;32m  OK  [0m] Created slice system-getty.slice.
[[0;32m  OK  [0m] Started Getty on tty1.
[[0;32m  OK  [0m] Reached target Login Prompts.
[[0;32m  OK  [0m] Started LSB: automatic crash report generation.
[[0;32m  OK  [0m] Started LSB: Record successful boot for GRUB.
[[0;32m  OK  [0m] Started LXD - container startup/shutdown.
[[0;32m  OK  [0m] Started Virtualbox guest utils.
[[0;32m  OK  [0m] Started Dispatcher daemon for systemd-networkd.
[[0;32m  OK  [0m] Started Snap Daemon.
         Starting Wait until snapd is fully seeded...
[[0;32m  OK  [0m] Started Pollinate to seed the pseudo random number generator.
         Starting OpenBSD Secure Shell server...
[[0;32m  OK  [0m] Started OpenBSD Secure Shell server.
[[0;32m  OK  [0m] Created slice User Slice of vagrant.
         Starting User Manager for UID 1000...
[[0;32m  OK  [0m] Started Session 1 of user vagrant.
[[0;32m  OK  [0m] Started User Manager for UID 1000.
[[0;32m  OK  [0m] Started Wait until snapd is fully seeded.
         Starting Apply the settings specified in cloud-config...
[[0;32m  OK  [0m] Reached target Multi-User System.
[[0;32m  OK  [0m] Reached target Graphical Interface.
         Starting Update UTMP about System Runlevel Changes...
[[0;32m  OK  [0m] Started Update UTMP about System Runlevel Changes.
         Stopping User Manager for UID 1000...
[[0;32m  OK  [0m] Stopped User Manager for UID 1000.
[[0;32m  OK  [0m] Removed slice User Slice of vagrant.
[[0;32m  OK  [0m] Created slice User Slice of vagrant.
         Starting User Manager for UID 1000...
[[0;32m  OK  [0m] Started Session 3 of user vagrant.
[[0;32m  OK  [0m] Started User Manager for UID 1000.
[   16.913098] cloud-init[1493]: Cloud-init v. 20.3-2-g371b392c-0ubuntu1~18.04.1 running 'modules:config' at Sun, 18 Oct 2020 14:08:01 +0000. Up 16.68 seconds.
[[0;32m  OK  [0m] Started Apply the settings specified in cloud-config.
         Starting Execute cloud user/final scripts...
ci-info: no authorized SSH keys fingerprints found for user ubuntu.
<14>Oct 18 14:08:02 ec2: 
<14>Oct 18 14:08:02 ec2: #############################################################
<14>Oct 18 14:08:02 ec2: -----BEGIN SSH HOST KEY FINGERPRINTS-----
<14>Oct 18 14:08:02 ec2: 1024 SHA256:4OTN4GnYMzYet89K2C6Quh7LG4j529kj9MN3fNyV5rM root@ubuntu-bionic (DSA)
<14>Oct 18 14:08:02 ec2: 256 SHA256:iNmeqCP3N4OaioDtOM8DfssDPgj+r18B7OQVvwDp+BM root@ubuntu-bionic (ECDSA)
<14>Oct 18 14:08:02 ec2: 256 SHA256:t+9TCGA44hh07wLqTJ7AlDZRrXw3S3jDKb4I/NsY11Y root@ubuntu-bionic (ED25519)
<14>Oct 18 14:08:02 ec2: 2048 SHA256:JoGdMZoOTRNzLMDGfifptZW734BPWwLQs4i+KzN/IMI root@ubuntu-bionic (RSA)
<14>Oct 18 14:08:02 ec2: -----END SSH HOST KEY FINGERPRINTS-----
<14>Oct 18 14:08:02 ec2: #############################################################
-----BEGIN SSH HOST KEY KEYS-----
ecdsa-sha2-nistp256 AAAAE2VjZHNhLXNoYTItbmlzdHAyNTYAAAAIbmlzdHAyNTYAAABBBHauLjnjYHlL1eUQDLfbMXQLkaS4vWbolokIgclMQ5Y8GjdqdeKPNmH9+yVZZYqRXc5FbtG+BDWwV823tOJ0k1g= root@ubuntu-bionic
ssh-ed25519 AAAAC3NzaC1lZDI1NTE5AAAAIGuC/ea2YZFMsCYFJrxpIRuK6o8jGSx2FNeXlq7Gm4uM root@ubuntu-bionic
ssh-rsa AAAAB3NzaC1yc2EAAAADAQABAAABAQC1rVFPOtzij2Wxf9w0H7IDjhhAQZTf+5NGOEkrK9xCi/W0Iv12WWh8ou7EYe70sQu9uyH42K7Ff/0xoyvXsHkpNfZmwR3G+jXgRN4HL9QgggtkYZxtQkeDbXtF+jiscoJLavyBQvsVq6bcbhu55SeoTYzl20aAD+Eds7zioyXLdt6D6RJoFbb4gdRlxguYemLtG/TuzaKsyjbfFi+x3IdrWoVJHYORQgf9wmAZNU7kk72mUemcmFhJF5A14N5GRBO0T+m8bnNF0AVmivm6gG0XDkJ6tEuxXfc/OLmrqJdXLIMA24p6lXswmt5OGla2rhCBQQ7ET/cSv6wnTVRj1J17 root@ubuntu-bionic
-----END SSH HOST KEY KEYS-----
[   17.267256] cloud-init[1647]: Cloud-init v. 20.3-2-g371b392c-0ubuntu1~18.04.1 running 'modules:final' at Sun, 18 Oct 2020 14:08:02 +0000. Up 17.16 seconds.
[   17.268106] cloud-init[1647]: ci-info: no authorized SSH keys fingerprints found for user ubuntu.
[   17.268650] cloud-init[1647]: Cloud-init v. 20.3-2-g371b392c-0ubuntu1~18.04.1 finished at Sun, 18 Oct 2020 14:08:02 +0000. Datasource DataSourceNoCloud [seed=/dev/sdb][dsmode=net].  Up 17.26 seconds
[[0;32m  OK  [0m] Started Execute cloud user/final scripts.
[[0;32m  OK  [0m] Reached target Cloud-init target.

Ubuntu 18.04.5 LTS ubuntu-bionic ttyS0

ubuntu-bionic login: 